
> techzone-next@1.0.0 dev
> next dev --hostname 0.0.0.0 --port 3000

▲ Next.js 16.1.6 (Turbopack)
- Local:         http://localhost:3000
- Network:       http://0.0.0.0:3000
- Environments: .env.local

✓ Starting...
✓ Ready in 596ms
 GET / 200 in 3.4s (compile: 322ms, render: 3.0s)
 GET / 200 in 3.4s (compile: 9ms, render: 3.4s)
 GET /products 200 in 3.4s (compile: 1125ms, render: 2.3s)
 GET /products 200 in 2.1s (compile: 5ms, render: 2.1s)
 GET / 200 in 2.7s (compile: 3ms, render: 2.7s)
 GET / 200 in 2.7s (compile: 10ms, render: 2.7s)
 GET / 200 in 2.7s (compile: 4ms, render: 2.7s)
 GET /services 200 in 1617ms (compile: 1177ms, render: 440ms)
○ Compiling /dashboard ...
 GET /dashboard 200 in 8.6s (compile: 8.5s, render: 18ms)
 GET / 200 in 3.0s (compile: 3ms, render: 3.0s)
 GET /products 200 in 2.1s (compile: 7ms, render: 2.1s)
 GET /category/%D8%A8%D8%B7%D8%A7%D9%82%D8%A7%D8%AA 200 in 523ms (compile: 491ms, render: 31ms)
 GET / 200 in 2.7s (compile: 3ms, render: 2.7s)
 GET / 200 in 2.7s (compile: 4ms, render: 2.7s)
○ Compiling /checkout ...
 GET /dashboard 200 in 37ms (compile: 4ms, render: 33ms)
 GET /checkout 200 in 6.4s (compile: 6.3s, render: 24ms)
 GET /products 200 in 1988ms (compile: 3ms, render: 1985ms)
 GET / 200 in 2.8s (compile: 3ms, render: 2.8s)
 GET /checkout 200 in 16ms (compile: 2ms, render: 14ms)
 GET / 200 in 2.8s (compile: 4ms, render: 2.8s)
 GET /index.html 404 in 381ms (compile: 207ms, render: 174ms)
✓ Compiled in 266ms
✓ Compiled in 45ms
 GET / 200 in 157ms (compile: 6ms, render: 151ms)
✓ Compiled in 159ms
✓ Compiled in 27ms
 GET / 200 in 445ms (compile: 216ms, render: 228ms)
 GET /services 200 in 1117ms (compile: 140ms, render: 977ms)
 GET / 200 in 3.7s (compile: 209ms, render: 3.5s)
 GET /services 200 in 647ms (compile: 6ms, render: 642ms)
 GET / 200 in 3.1s (compile: 4ms, render: 3.1s)
✓ Compiled in 170ms
 GET / 200 in 345ms (compile: 155ms, render: 190ms)
✓ Compiled in 331ms
 GET / 200 in 4.6s (compile: 5ms, render: 4.6s)
 GET / 200 in 3.1s (compile: 4ms, render: 3.1s)
✓ Compiled in 651ms
✓ Compiled in 26ms
✓ Compiled in 41ms
 GET / 200 in 3.6s (compile: 109ms, render: 3.5s)
 GET /products 200 in 2.4s (compile: 340ms, render: 2.1s)
 GET / 200 in 2.6s (compile: 2ms, render: 2.6s)
✓ Compiled in 284ms
 GET / 200 in 387ms (compile: 117ms, render: 270ms)
✓ Compiled in 42ms
✓ Compiled in 30ms
 GET / 200 in 3.9s (compile: 5ms, render: 3.9s)
✓ Compiled in 22ms
✓ Compiled in 24ms
✓ Compiled in 22ms
 GET / 200 in 3.0s (compile: 6ms, render: 3.0s)
✓ Finished filesystem cache database compaction in 42s
✓ Finished writing to filesystem cache in 36.5s
 GET /services 200 in 692ms (compile: 23ms, render: 669ms)
Error: Route "/services/[slug]" used `params.slug`. `params` is a Promise and must be unwrapped with `await` or `React.use()` before accessing its properties. Learn more: https://nextjs.org/docs/messages/sync-dynamic-apis
    at ServiceDetailsPage (app\services\[slug]\page.js:20:16)
  18 |
  19 | export default async function ServiceDetailsPage({ params }) {
> 20 |   const slug = params?.slug;
     |                ^
  21 |
  22 |   const { data: allServices, error: serviceError } = await supabase
  23 |     .from("repair_services")
Error: Route "/services/[slug]" used `params.slug`. `params` is a Promise and must be unwrapped with `await` or `React.use()` before accessing its properties. Learn more: https://nextjs.org/docs/messages/sync-dynamic-apis
    at ServiceDetailsPage (app\services\[slug]\page.js:20:16)
  18 |
  19 | export default async function ServiceDetailsPage({ params }) {
> 20 |   const slug = params?.slug;
     |                ^
  21 |
  22 |   const { data: allServices, error: serviceError } = await supabase
  23 |     .from("repair_services")
 GET /services/srv-8 200 in 2.3s (compile: 1846ms, render: 487ms)
 GET /services/srv-8 200 in 446ms (compile: 6ms, render: 440ms)
 GET /services 200 in 390ms (compile: 1771µs, render: 388ms)
✓ Compiled in 215ms
 GET /services 200 in 34ms (compile: 3ms, render: 31ms)
 GET /services 200 in 507ms (compile: 3ms, render: 504ms)
 GET / 200 in 2.6s (compile: 328ms, render: 2.3s)
 GET / 200 in 2.3s (compile: 2ms, render: 2.3s)
 GET / 200 in 3.1s (compile: 4ms, render: 3.1s)
✓ Compiled in 33ms
 GET / 200 in 3.1s (compile: 68ms, render: 3.1s)
✓ Compiled in 15ms
 GET / 200 in 142ms (compile: 80ms, render: 62ms)
✓ Compiled in 42ms
✓ Compiled in 41ms
 GET / 200 in 2.8s (compile: 3ms, render: 2.8s)
 GET /category/%D8%A8%D8%B7%D8%A7%D9%82%D8%A7%D8%AA 200 in 229ms (compile: 178ms, render: 50ms)
 GET /category/%D8%A8%D8%B7%D8%A7%D9%82%D8%A7%D8%AA 200 in 19ms (compile: 2ms, render: 16ms)
^C